<?xml version="1.0" encoding="UTF-8"?>
<coverage generated="1716065689">
  <project timestamp="1716065689">
    <file name="/var/www/html/app/Http/Controllers/AuthController.php">
      <class name="App\Http\Controllers\AuthController" namespace="global">
        <metrics complexity="4" methods="3" coveredmethods="3" conditionals="0" coveredconditionals="0" statements="11" coveredstatements="11" elements="14" coveredelements="14"/>
      </class>
      <line num="13" type="method" name="store" visibility="public" complexity="1" crap="1" count="1"/>
      <line num="15" type="stmt" count="1"/>
      <line num="16" type="stmt" count="1"/>
      <line num="17" type="stmt" count="1"/>
      <line num="25" type="method" name="login" visibility="public" complexity="2" crap="2" count="3"/>
      <line num="27" type="stmt" count="3"/>
      <line num="29" type="stmt" count="3"/>
      <line num="30" type="stmt" count="1"/>
      <line num="33" type="stmt" count="2"/>
      <line num="43" type="method" name="respondWithToken" visibility="protected" complexity="1" crap="1" count="2"/>
      <line num="45" type="stmt" count="2"/>
      <line num="46" type="stmt" count="2"/>
      <line num="47" type="stmt" count="2"/>
      <line num="48" type="stmt" count="2"/>
      <metrics loc="51" ncloc="39" classes="1" methods="3" coveredmethods="3" conditionals="0" coveredconditionals="0" statements="11" coveredstatements="11" elements="14" coveredelements="14"/>
    </file>
    <file name="/var/www/html/app/Http/Controllers/Controller.php">
      <class name="App\Http\Controllers\Controller" namespace="global">
        <metrics complexity="0" methods="0" coveredmethods="0" conditionals="0" coveredconditionals="0" statements="0" coveredstatements="0" elements="0" coveredelements="0"/>
      </class>
      <metrics loc="9" ncloc="8" classes="0" methods="0" coveredmethods="0" conditionals="0" coveredconditionals="0" statements="0" coveredstatements="0" elements="0" coveredelements="0"/>
    </file>
    <file name="/var/www/html/app/Http/Requests/CreateUserRequest.php">
      <class name="App\Http\Requests\CreateUserRequest" namespace="global">
        <metrics complexity="2" methods="2" coveredmethods="2" conditionals="0" coveredconditionals="0" statements="6" coveredstatements="6" elements="8" coveredelements="8"/>
      </class>
      <line num="13" type="method" name="authorize" visibility="public" complexity="1" crap="1" count="3"/>
      <line num="15" type="stmt" count="3"/>
      <line num="23" type="method" name="rules" visibility="public" complexity="1" crap="1" count="1"/>
      <line num="25" type="stmt" count="1"/>
      <line num="26" type="stmt" count="1"/>
      <line num="27" type="stmt" count="1"/>
      <line num="28" type="stmt" count="1"/>
      <line num="29" type="stmt" count="1"/>
      <metrics loc="32" ncloc="24" classes="1" methods="2" coveredmethods="2" conditionals="0" coveredconditionals="0" statements="6" coveredstatements="6" elements="8" coveredelements="8"/>
    </file>
    <file name="/var/www/html/app/Models/User.php">
      <class name="App\Models\User" namespace="global">
        <metrics complexity="4" methods="4" coveredmethods="4" conditionals="0" coveredconditionals="0" statements="10" coveredstatements="10" elements="14" coveredelements="14"/>
      </class>
      <line num="42" type="method" name="casts" visibility="protected" complexity="1" crap="1" count="3"/>
      <line num="44" type="stmt" count="3"/>
      <line num="45" type="stmt" count="3"/>
      <line num="46" type="stmt" count="3"/>
      <line num="47" type="stmt" count="3"/>
      <line num="55" type="method" name="getJWTIdentifier" visibility="public" complexity="1" crap="1" count="2"/>
      <line num="57" type="stmt" count="2"/>
      <line num="65" type="method" name="getJWTCustomClaims" visibility="public" complexity="1" crap="1" count="2"/>
      <line num="67" type="stmt" count="2"/>
      <line num="68" type="stmt" count="2"/>
      <line num="69" type="stmt" count="2"/>
      <line num="70" type="stmt" count="2"/>
      <line num="73" type="method" name="newFactory" visibility="protected" complexity="1" crap="1" count="3"/>
      <line num="75" type="stmt" count="3"/>
      <metrics loc="78" ncloc="53" classes="1" methods="4" coveredmethods="4" conditionals="0" coveredconditionals="0" statements="10" coveredstatements="10" elements="14" coveredelements="14"/>
    </file>
    <file name="/var/www/html/app/Providers/AppServiceProvider.php">
      <class name="App\Providers\AppServiceProvider" namespace="global">
        <metrics complexity="2" methods="2" coveredmethods="2" conditionals="0" coveredconditionals="0" statements="2" coveredstatements="2" elements="4" coveredelements="4"/>
      </class>
      <line num="12" type="method" name="register" visibility="public" complexity="1" crap="1" count="4"/>
      <line num="15" type="stmt" count="4"/>
      <line num="20" type="method" name="boot" visibility="public" complexity="1" crap="1" count="4"/>
      <line num="23" type="stmt" count="4"/>
      <metrics loc="25" ncloc="17" classes="1" methods="2" coveredmethods="2" conditionals="0" coveredconditionals="0" statements="2" coveredstatements="2" elements="4" coveredelements="4"/>
    </file>
    <metrics files="5" loc="195" ncloc="141" classes="4" methods="11" coveredmethods="11" conditionals="0" coveredconditionals="0" statements="29" coveredstatements="29" elements="40" coveredelements="40"/>
  </project>
</coverage>
